2015-12-25 18:10:22.413  INFO 2860 --- [main] sample.Application                       : Starting Application on F-KONASHI with PID 2860 (C:\Users\f-konashi\Documents\workspace-sts-3.7.1.RELEASE\test-gradle-mybatis-postgresql\bin started by f-konashi in C:\Users\f-konashi\Documents\workspace-sts-3.7.1.RELEASE\test-gradle-mybatis-postgresql)
2015-12-25 18:10:22.415  INFO 2860 --- [main] sample.Application                       : The following profiles are active: development
2015-12-25 18:10:22.506  INFO 2860 --- [pool-1-thread-1] org.hibernate.validator.util.Version     : Hibernate Validator 4.2.0.Final
2015-12-25 18:10:22.666  INFO 2860 --- [main] ationConfigEmbeddedWebApplicationContext : Refreshing org.springframework.boot.context.embedded.AnnotationConfigEmbeddedWebApplicationContext@393671df: startup date [Fri Dec 25 18:10:22 JST 2015]; root of context hierarchy
2015-12-25 18:10:23.592  INFO 2860 --- [main] o.s.b.f.s.DefaultListableBeanFactory     : Overriding bean definition for bean 'requestDataValueProcessor' with a different definition: replacing [Root bean: class [null]; scope=; abstract=false; lazyInit=false; autowireMode=3; dependencyCheck=0; autowireCandidate=true; primary=false; factoryBeanName=org.springframework.security.config.annotation.web.configuration.WebMvcSecurityConfiguration; factoryMethodName=requestDataValueProcessor; initMethodName=null; destroyMethodName=(inferred); defined in class path resource [org/springframework/security/config/annotation/web/configuration/WebMvcSecurityConfiguration.class]] with [Root bean: class [null]; scope=; abstract=false; lazyInit=false; autowireMode=3; dependencyCheck=0; autowireCandidate=true; primary=false; factoryBeanName=org.springframework.security.config.annotation.web.servlet.configuration.WebMvcSecurityConfiguration; factoryMethodName=requestDataValueProcessor; initMethodName=null; destroyMethodName=(inferred); defined in class path resource [org/springframework/security/config/annotation/web/servlet/configuration/WebMvcSecurityConfiguration.class]]
2015-12-25 18:10:23.593  INFO 2860 --- [main] o.s.b.f.s.DefaultListableBeanFactory     : Overriding bean definition for bean 'myUserDetailsService' with a different definition: replacing [Generic bean: class [sample.security.MyUserDetailsService]; scope=singleton; abstract=false; lazyInit=false; autowireMode=0; dependencyCheck=0; autowireCandidate=true; primary=false; factoryBeanName=null; factoryMethodName=null; initMethodName=null; destroyMethodName=null; defined in file [C:\Users\f-konashi\Documents\workspace-sts-3.7.1.RELEASE\test-gradle-mybatis-postgresql\bin\sample\security\MyUserDetailsService.class]] with [Root bean: class [null]; scope=; abstract=false; lazyInit=false; autowireMode=3; dependencyCheck=0; autowireCandidate=true; primary=false; factoryBeanName=webSecurityConfig; factoryMethodName=myUserDetailsService; initMethodName=null; destroyMethodName=(inferred); defined in class path resource [sample/WebSecurityConfig.class]]
2015-12-25 18:10:23.594  INFO 2860 --- [main] o.s.b.f.s.DefaultListableBeanFactory     : Overriding bean definition for bean 'requestMappingHandlerMapping' with a different definition: replacing [Root bean: class [null]; scope=; abstract=false; lazyInit=false; autowireMode=3; dependencyCheck=0; autowireCandidate=true; primary=false; factoryBeanName=mvcConfig; factoryMethodName=requestMappingHandlerMapping; initMethodName=null; destroyMethodName=(inferred); defined in class path resource [sample/MvcConfig.class]] with [Root bean: class [null]; scope=; abstract=false; lazyInit=false; autowireMode=3; dependencyCheck=0; autowireCandidate=true; primary=true; factoryBeanName=org.springframework.boot.autoconfigure.web.WebMvcAutoConfiguration$EnableWebMvcConfiguration; factoryMethodName=requestMappingHandlerMapping; initMethodName=null; destroyMethodName=(inferred); defined in class org.springframework.boot.autoconfigure.web.WebMvcAutoConfiguration$EnableWebMvcConfiguration]
2015-12-25 18:10:23.595  INFO 2860 --- [main] o.s.b.f.s.DefaultListableBeanFactory     : Overriding bean definition for bean 'requestMappingHandlerAdapter' with a different definition: replacing [Root bean: class [null]; scope=; abstract=false; lazyInit=false; autowireMode=3; dependencyCheck=0; autowireCandidate=true; primary=false; factoryBeanName=mvcConfig; factoryMethodName=requestMappingHandlerAdapter; initMethodName=null; destroyMethodName=(inferred); defined in class path resource [sample/MvcConfig.class]] with [Root bean: class [null]; scope=; abstract=false; lazyInit=false; autowireMode=3; dependencyCheck=0; autowireCandidate=true; primary=false; factoryBeanName=org.springframework.boot.autoconfigure.web.WebMvcAutoConfiguration$EnableWebMvcConfiguration; factoryMethodName=requestMappingHandlerAdapter; initMethodName=null; destroyMethodName=(inferred); defined in class org.springframework.boot.autoconfigure.web.WebMvcAutoConfiguration$EnableWebMvcConfiguration]
2015-12-25 18:10:24.051  INFO 2860 --- [main] trationDelegate$BeanPostProcessorChecker : Bean 'dataConfig' of type [class sample.DataConfig$$EnhancerBySpringCGLIB$$1c317d38] is not eligible for getting processed by all BeanPostProcessors (for example: not eligible for auto-proxying)
2015-12-25 18:10:24.098  INFO 2860 --- [main] trationDelegate$BeanPostProcessorChecker : Bean 'spring.datasource.CONFIGURATION_PROPERTIES' of type [class org.springframework.boot.autoconfigure.jdbc.DataSourceProperties] is not eligible for getting processed by all BeanPostProcessors (for example: not eligible for auto-proxying)
2015-12-25 18:10:24.099  INFO 2860 --- [main] trationDelegate$BeanPostProcessorChecker : Bean 'org.springframework.boot.autoconfigure.jdbc.DataSourceAutoConfiguration$NonEmbeddedConfiguration' of type [class org.springframework.boot.autoconfigure.jdbc.DataSourceAutoConfiguration$NonEmbeddedConfiguration] is not eligible for getting processed by all BeanPostProcessors (for example: not eligible for auto-proxying)
2015-12-25 18:10:24.153  INFO 2860 --- [main] trationDelegate$BeanPostProcessorChecker : Bean 'dataSource' of type [class org.apache.tomcat.jdbc.pool.DataSource] is not eligible for getting processed by all BeanPostProcessors (for example: not eligible for auto-proxying)
2015-12-25 18:10:24.260  INFO 2860 --- [main] trationDelegate$BeanPostProcessorChecker : Bean 'sqlSessionFactory' of type [class org.mybatis.spring.SqlSessionFactoryBean] is not eligible for getting processed by all BeanPostProcessors (for example: not eligible for auto-proxying)
2015-12-25 18:10:24.260  INFO 2860 --- [main] trationDelegate$BeanPostProcessorChecker : Bean 'sqlSessionFactory' of type [class org.apache.ibatis.session.defaults.DefaultSqlSessionFactory] is not eligible for getting processed by all BeanPostProcessors (for example: not eligible for auto-proxying)
2015-12-25 18:10:24.272  INFO 2860 --- [main] trationDelegate$BeanPostProcessorChecker : Bean 'userInfoMapperEx' of type [class org.mybatis.spring.mapper.MapperFactoryBean] is not eligible for getting processed by all BeanPostProcessors (for example: not eligible for auto-proxying)
2015-12-25 18:10:24.345  INFO 2860 --- [main] trationDelegate$BeanPostProcessorChecker : Bean 'userInfoMapper' of type [class org.mybatis.spring.mapper.MapperFactoryBean] is not eligible for getting processed by all BeanPostProcessors (for example: not eligible for auto-proxying)
2015-12-25 18:10:24.348  INFO 2860 --- [main] trationDelegate$BeanPostProcessorChecker : Bean 'userAuthorityMapperEx' of type [class org.mybatis.spring.mapper.MapperFactoryBean] is not eligible for getting processed by all BeanPostProcessors (for example: not eligible for auto-proxying)
2015-12-25 18:10:24.367  INFO 2860 --- [main] trationDelegate$BeanPostProcessorChecker : Bean 'userAuthorityMapper' of type [class org.mybatis.spring.mapper.MapperFactoryBean] is not eligible for getting processed by all BeanPostProcessors (for example: not eligible for auto-proxying)
2015-12-25 18:10:24.370  INFO 2860 --- [main] trationDelegate$BeanPostProcessorChecker : Bean 'itemInfoMapperEx' of type [class org.mybatis.spring.mapper.MapperFactoryBean] is not eligible for getting processed by all BeanPostProcessors (for example: not eligible for auto-proxying)
2015-12-25 18:10:24.387  INFO 2860 --- [main] trationDelegate$BeanPostProcessorChecker : Bean 'itemInfoMapper' of type [class org.mybatis.spring.mapper.MapperFactoryBean] is not eligible for getting processed by all BeanPostProcessors (for example: not eligible for auto-proxying)
2015-12-25 18:10:24.391  INFO 2860 --- [main] trationDelegate$BeanPostProcessorChecker : Bean 'itemInCartMapperEx' of type [class org.mybatis.spring.mapper.MapperFactoryBean] is not eligible for getting processed by all BeanPostProcessors (for example: not eligible for auto-proxying)
2015-12-25 18:10:24.409  INFO 2860 --- [main] trationDelegate$BeanPostProcessorChecker : Bean 'itemInCartMapper' of type [class org.mybatis.spring.mapper.MapperFactoryBean] is not eligible for getting processed by all BeanPostProcessors (for example: not eligible for auto-proxying)
2015-12-25 18:10:24.412  INFO 2860 --- [main] trationDelegate$BeanPostProcessorChecker : Bean 'buyingHistoryMapperEx' of type [class org.mybatis.spring.mapper.MapperFactoryBean] is not eligible for getting processed by all BeanPostProcessors (for example: not eligible for auto-proxying)
2015-12-25 18:10:24.431  INFO 2860 --- [main] trationDelegate$BeanPostProcessorChecker : Bean 'buyingHistoryMapper' of type [class org.mybatis.spring.mapper.MapperFactoryBean] is not eligible for getting processed by all BeanPostProcessors (for example: not eligible for auto-proxying)
2015-12-25 18:10:24.464  INFO 2860 --- [main] trationDelegate$BeanPostProcessorChecker : Bean 'org.springframework.transaction.annotation.ProxyTransactionManagementConfiguration' of type [class org.springframework.transaction.annotation.ProxyTransactionManagementConfiguration$$EnhancerBySpringCGLIB$$ebb87803] is not eligible for getting processed by all BeanPostProcessors (for example: not eligible for auto-proxying)
2015-12-25 18:10:24.735  INFO 2860 --- [main] s.b.c.e.t.TomcatEmbeddedServletContainer : Tomcat initialized with port(s): 8080 (http)
2015-12-25 18:10:24.750  INFO 2860 --- [main] o.apache.catalina.core.StandardService   : Starting service Tomcat
2015-12-25 18:10:24.752  INFO 2860 --- [main] org.apache.catalina.core.StandardEngine  : Starting Servlet Engine: Apache Tomcat/8.0.28
2015-12-25 18:10:24.858  INFO 2860 --- [localhost-startStop-1] o.a.c.c.C.[Tomcat].[localhost].[/]       : Initializing Spring embedded WebApplicationContext
2015-12-25 18:10:25.115  INFO 2860 --- [localhost-startStop-1] o.s.b.c.embedded.FilterRegistrationBean  : Mapping filter: 'characterEncodingFilter' to: [/*]
2015-12-25 18:10:25.116  INFO 2860 --- [localhost-startStop-1] o.s.b.c.embedded.FilterRegistrationBean  : Mapping filter: 'hiddenHttpMethodFilter' to: [/*]
2015-12-25 18:10:25.116  INFO 2860 --- [localhost-startStop-1] o.s.b.c.embedded.FilterRegistrationBean  : Mapping filter: 'httpPutFormContentFilter' to: [/*]
2015-12-25 18:10:25.117  INFO 2860 --- [localhost-startStop-1] o.s.b.c.embedded.FilterRegistrationBean  : Mapping filter: 'requestContextFilter' to: [/*]
2015-12-25 18:10:25.118  INFO 2860 --- [localhost-startStop-1] .e.DelegatingFilterProxyRegistrationBean : Mapping filter: 'springSecurityFilterChain' to: [/*]
2015-12-25 18:10:25.118  INFO 2860 --- [localhost-startStop-1] o.s.b.c.e.ServletRegistrationBean        : Mapping servlet: 'dispatcherServlet' to [/]
2015-12-25 18:10:25.452  INFO 2860 --- [localhost-startStop-1] o.s.s.web.DefaultSecurityFilterChain     : Creating filter chain: org.springframework.security.web.util.matcher.AnyRequestMatcher@1, [org.springframework.security.web.context.request.async.WebAsyncManagerIntegrationFilter@790f2c83, org.springframework.security.web.context.SecurityContextPersistenceFilter@e9fe70a, org.springframework.security.web.header.HeaderWriterFilter@450b2c86, org.springframework.security.web.csrf.CsrfFilter@d060ab9, org.springframework.security.web.authentication.logout.LogoutFilter@1ed62ed0, org.springframework.security.web.authentication.UsernamePasswordAuthenticationFilter@318c2012, org.springframework.security.web.savedrequest.RequestCacheAwareFilter@19cb96a2, org.springframework.security.web.servletapi.SecurityContextHolderAwareRequestFilter@69b83669, org.springframework.security.web.authentication.AnonymousAuthenticationFilter@37de4628, org.springframework.security.web.session.SessionManagementFilter@537bf4c5, org.springframework.security.web.access.ExceptionTranslationFilter@21b7137d, org.springframework.security.web.access.intercept.FilterSecurityInterceptor@73c3709e]
2015-12-25 18:10:26.128  INFO 2860 --- [main] j.LocalContainerEntityManagerFactoryBean : Building JPA container EntityManagerFactory for persistence unit 'default'
2015-12-25 18:10:26.137  INFO 2860 --- [main] o.hibernate.jpa.internal.util.LogHelper  : HHH000204: Processing PersistenceUnitInfo [
	name: default
	...]
2015-12-25 18:10:26.198  INFO 2860 --- [main] org.hibernate.Version                    : HHH000412: Hibernate Core {4.3.11.Final}
2015-12-25 18:10:26.200  INFO 2860 --- [main] org.hibernate.cfg.Environment            : HHH000206: hibernate.properties not found
2015-12-25 18:10:26.202  INFO 2860 --- [main] org.hibernate.cfg.Environment            : HHH000021: Bytecode provider name : javassist
2015-12-25 18:10:26.372  INFO 2860 --- [main] o.hibernate.annotations.common.Version   : HCANN000001: Hibernate Commons Annotations {4.0.5.Final}
2015-12-25 18:10:26.578  INFO 2860 --- [main] org.hibernate.dialect.Dialect            : HHH000400: Using dialect: org.hibernate.dialect.PostgreSQL9Dialect
2015-12-25 18:10:26.589  INFO 2860 --- [main] o.h.e.jdbc.internal.LobCreatorBuilder    : HHH000424: Disabling contextual LOB creation as createClob() method threw error : java.lang.reflect.InvocationTargetException
2015-12-25 18:10:26.618  INFO 2860 --- [main] o.h.h.i.ast.ASTQueryTranslatorFactory    : HHH000397: Using ASTQueryTranslatorFactory
2015-12-25 18:10:27.428  INFO 2860 --- [main] o.s.j.e.a.AnnotationMBeanExporter        : Registering beans for JMX exposure on startup
2015-12-25 18:10:27.483  INFO 2860 --- [main] s.b.c.e.t.TomcatEmbeddedServletContainer : Tomcat started on port(s): 8080 (http)
2015-12-25 18:10:27.488  INFO 2860 --- [main] sample.Application                       : Started Application in 5.384 seconds (JVM running for 5.875)
2015-12-25 18:44:49.959  INFO 2860 --- [RMI TCP Connection(2)-10.10.20.107] inMXBeanRegistrar$SpringApplicationAdmin : Application shutdown requested.
2015-12-25 18:44:49.987  INFO 2860 --- [RMI TCP Connection(2)-10.10.20.107] ationConfigEmbeddedWebApplicationContext : Closing org.springframework.boot.context.embedded.AnnotationConfigEmbeddedWebApplicationContext@393671df: startup date [Fri Dec 25 18:10:22 JST 2015]; root of context hierarchy
2015-12-25 18:44:49.995  INFO 2860 --- [RMI TCP Connection(2)-10.10.20.107] o.s.j.e.a.AnnotationMBeanExporter        : Unregistering JMX-exposed beans on shutdown
2015-12-25 18:44:49.999  INFO 2860 --- [RMI TCP Connection(2)-10.10.20.107] j.LocalContainerEntityManagerFactoryBean : Closing JPA EntityManagerFactory for persistence unit 'default'
